<?xml version="1.0" encoding="UTF-8"?>
<testng-results ignored="0" total="0" passed="0" failed="0" skipped="0">
  <reporter-output>
  </reporter-output>
  <suite started-at="2020-06-22T15:19:16 CEST" name="BDD Test Suite" finished-at="2020-06-22T15:19:16 CEST" duration-ms="422">
    <groups>
      <group name="cucumber">
        <method signature="AbstractTestNGCucumberTests.runScenario(io.cucumber.testng.PickleWrapper, io.cucumber.testng.FeatureWrapper)[pri:0, instance:runner.MainRunner@708f5957]" name="runScenario" class="io.cucumber.testng.AbstractTestNGCucumberTests"/>
      </group> <!-- cucumber -->
    </groups>
    <test started-at="2020-06-22T15:19:16 CEST" name="Test" finished-at="2020-06-22T15:19:16 CEST" duration-ms="422">
      <class name="runner.MainRunner">
        <test-method is-config="true" signature="setUpClass()[pri:0, instance:runner.MainRunner@708f5957]" started-at="2020-06-22T15:19:16 CEST" name="setUpClass" finished-at="2020-06-22T15:19:16 CEST" duration-ms="343" status="PASS">
          <reporter-output>
          </reporter-output>
        </test-method> <!-- setUpClass -->
        <test-method is-config="true" signature="tearDownClass()[pri:0, instance:runner.MainRunner@708f5957]" started-at="2020-06-22T15:19:16 CEST" name="tearDownClass" finished-at="2020-06-22T15:19:16 CEST" duration-ms="14" status="PASS">
          <reporter-output>
          </reporter-output>
        </test-method> <!-- tearDownClass -->
      </class> <!-- runner.MainRunner -->
    </test> <!-- Test -->
  </suite> <!-- BDD Test Suite -->
</testng-results>
